<?xml version="1.0" encoding="UTF-8" ?>
<testsuite errors="0" failures="0" hostname="DESKTOP-1F4GKR8" name="com.flatironschool.javacs.WikiSearchTest" skipped="0" tests="4" time="0.051" timestamp="2016-07-19T07:10:36">
  <properties>
[...]
</properties>
  <testcase classname="com.flatironschool.javacs.WikiSearchTest" name="testAnd" time="0.003" />
  <testcase classname="com.flatironschool.javacs.WikiSearchTest" name="testMinus" time="0.0" />
  <testcase classname="com.flatironschool.javacs.WikiSearchTest" name="testSort" time="0.0" />
  <testcase classname="com.flatironschool.javacs.WikiSearchTest" name="testOr" time="0.0" />
  <system-out><![CDATA[]]></system-out>
  <system-err><![CDATA[]]></system-err>
</testsuite>
